{"/home/omri/PrioriTea/server/src/app.ts": {"path":"/home/omri/PrioriTea/server/src/app.ts","statementMap":{"0":{"start":{"line":1,"column":0},"end":{"line":1,"column":43}},"1":{"start":{"line":2,"column":0},"end":{"line":2,"column":41}},"2":{"start":{"line":3,"column":0},"end":{"line":3,"column":24}},"3":{"start":{"line":4,"column":0},"end":{"line":4,"column":43}},"4":{"start":{"line":5,"column":0},"end":{"line":5,"column":28}},"5":{"start":{"line":6,"column":0},"end":{"line":6,"column":56}},"6":{"start":{"line":7,"column":0},"end":{"line":7,"column":36}},"7":{"start":{"line":8,"column":0},"end":{"line":8,"column":57}},"8":{"start":{"line":9,"column":0},"end":{"line":9,"column":58}},"9":{"start":{"line":10,"column":0},"end":{"line":10,"column":45}},"10":{"start":{"line":11,"column":0},"end":{"line":11,"column":59}},"11":{"start":{"line":13,"column":0},"end":{"line":13,"column":59}},"12":{"start":{"line":14,"column":0},"end":{"line":14,"column":39}},"13":{"start":{"line":15,"column":0},"end":{"line":15,"column":40}},"14":{"start":{"line":16,"column":0},"end":{"line":16,"column":34}},"15":{"start":{"line":20,"column":2},"end":{"line":20,"column":17}},"16":{"start":{"line":19,"column":30},"end":{"line":19,"column":42}},"17":{"start":{"line":22,"column":2},"end":{"line":22,"column":19}},"18":{"start":{"line":26,"column":2},"end":{"line":26,"column":41}},"19":{"start":{"line":29,"column":2},"end":{"line":31,"column":5}},"20":{"start":{"line":30,"column":3},"end":{"line":30,"column":36}},"21":{"start":{"line":33,"column":2},"end":{"line":33,"column":14}},"22":{"start":{"line":37,"column":2},"end":{"line":39,"column":5}},"23":{"start":{"line":38,"column":3},"end":{"line":38,"column":21}},"24":{"start":{"line":41,"column":2},"end":{"line":41,"column":14}},"25":{"start":{"line":45,"column":2},"end":{"line":45,"column":33}},"26":{"start":{"line":47,"column":2},"end":{"line":47,"column":14}},"27":{"start":{"line":51,"column":2},"end":{"line":51,"column":58}},"28":{"start":{"line":53,"column":2},"end":{"line":53,"column":14}},"29":{"start":{"line":57,"column":2},"end":{"line":71,"column":34}},"30":{"start":{"line":73,"column":2},"end":{"line":73,"column":14}},"31":{"start":{"line":77,"column":2},"end":{"line":83,"column":null}},"32":{"start":{"line":78,"column":3},"end":{"line":78,"column":15}},"33":{"start":{"line":80,"column":3},"end":{"line":80,"column":63}},"34":{"start":{"line":82,"column":3},"end":{"line":82,"column":10}},"35":{"start":{"line":18,"column":0},"end":{"line":18,"column":13}}},"fnMap":{"0":{"name":"(anonymous_0)","decl":{"start":{"line":19,"column":1},"end":{"line":19,"column":30}},"loc":{"start":{"line":19,"column":42},"end":{"line":23,"column":2}}},"1":{"name":"(anonymous_1)","decl":{"start":{"line":25,"column":8},"end":{"line":25,"column":24}},"loc":{"start":{"line":25,"column":51},"end":{"line":34,"column":2}}},"2":{"name":"(anonymous_2)","decl":{"start":{"line":29,"column":20},"end":{"line":29,"column":null}},"loc":{"start":{"line":29,"column":20},"end":{"line":31,"column":3}}},"3":{"name":"(anonymous_3)","decl":{"start":{"line":36,"column":8},"end":{"line":36,"column":23}},"loc":{"start":{"line":36,"column":71},"end":{"line":42,"column":2}}},"4":{"name":"(anonymous_4)","decl":{"start":{"line":37,"column":21},"end":{"line":37,"column":22}},"loc":{"start":{"line":37,"column":29},"end":{"line":39,"column":3}}},"5":{"name":"(anonymous_5)","decl":{"start":{"line":44,"column":8},"end":{"line":44,"column":19}},"loc":{"start":{"line":44,"column":19},"end":{"line":48,"column":2}}},"6":{"name":"(anonymous_6)","decl":{"start":{"line":50,"column":9},"end":{"line":50,"column":17}},"loc":{"start":{"line":50,"column":17},"end":{"line":54,"column":2}}},"7":{"name":"(anonymous_7)","decl":{"start":{"line":56,"column":8},"end":{"line":56,"column":12}},"loc":{"start":{"line":56,"column":12},"end":{"line":74,"column":2}}},"8":{"name":"(anonymous_8)","decl":{"start":{"line":76,"column":8},"end":{"line":76,"column":14}},"loc":{"start":{"line":76,"column":14},"end":{"line":84,"column":2}}}},"branchMap":{},"s":{"0":1,"1":1,"2":1,"3":1,"4":1,"5":1,"6":1,"7":1,"8":1,"9":1,"10":1,"11":1,"12":1,"13":1,"14":1,"15":1,"16":1,"17":1,"18":1,"19":1,"20":2,"21":1,"22":2,"23":7,"24":2,"25":1,"26":1,"27":0,"28":0,"29":1,"30":1,"31":0,"32":0,"33":0,"34":0,"35":1},"f":{"0":1,"1":1,"2":2,"3":2,"4":7,"5":1,"6":0,"7":1,"8":0},"b":{}}
,"/home/omri/PrioriTea/server/src/env.ts": {"path":"/home/omri/PrioriTea/server/src/env.ts","statementMap":{"0":{"start":{"line":1,"column":0},"end":{"line":3,"column":null}},"1":{"start":{"line":2,"column":1},"end":{"line":2,"column":50}},"2":{"start":{"line":5,"column":0},"end":{"line":7,"column":null}},"3":{"start":{"line":6,"column":1},"end":{"line":6,"column":52}},"4":{"start":{"line":9,"column":0},"end":{"line":11,"column":null}},"5":{"start":{"line":10,"column":1},"end":{"line":10,"column":57}},"6":{"start":{"line":13,"column":0},"end":{"line":15,"column":null}},"7":{"start":{"line":14,"column":1},"end":{"line":14,"column":65}},"8":{"start":{"line":17,"column":0},"end":{"line":19,"column":null}},"9":{"start":{"line":18,"column":1},"end":{"line":18,"column":52}},"10":{"start":{"line":21,"column":0},"end":{"line":23,"column":null}},"11":{"start":{"line":22,"column":1},"end":{"line":22,"column":54}},"12":{"start":{"line":33,"column":4},"end":{"line":33,"column":15}},"13":{"start":{"line":36,"column":1},"end":{"line":36,"column":9}},"14":{"start":{"line":37,"column":1},"end":{"line":37,"column":5}},"15":{"start":{"line":38,"column":1},"end":{"line":38,"column":7}},"16":{"start":{"line":39,"column":1},"end":{"line":39,"column":12}},"17":{"start":{"line":40,"column":1},"end":{"line":40,"column":20}},"18":{"start":{"line":41,"column":1},"end":{"line":41,"column":7}},"19":{"start":{"line":42,"column":1},"end":{"line":42,"column":9}}},"fnMap":{},"branchMap":{"0":{"loc":{"start":{"line":1,"column":0},"end":{"line":3,"column":null}},"type":"if","locations":[{"start":{"line":1,"column":0},"end":{"line":3,"column":null}}]},"1":{"loc":{"start":{"line":5,"column":0},"end":{"line":7,"column":null}},"type":"if","locations":[{"start":{"line":5,"column":0},"end":{"line":7,"column":null}}]},"2":{"loc":{"start":{"line":9,"column":0},"end":{"line":11,"column":null}},"type":"if","locations":[{"start":{"line":9,"column":0},"end":{"line":11,"column":null}}]},"3":{"loc":{"start":{"line":13,"column":0},"end":{"line":15,"column":null}},"type":"if","locations":[{"start":{"line":13,"column":0},"end":{"line":15,"column":null}}]},"4":{"loc":{"start":{"line":17,"column":0},"end":{"line":19,"column":null}},"type":"if","locations":[{"start":{"line":17,"column":0},"end":{"line":19,"column":null}}]},"5":{"loc":{"start":{"line":21,"column":0},"end":{"line":23,"column":null}},"type":"if","locations":[{"start":{"line":21,"column":0},"end":{"line":23,"column":null}}]}},"s":{"0":1,"1":0,"2":1,"3":0,"4":1,"5":0,"6":1,"7":0,"8":1,"9":0,"10":1,"11":0,"12":1,"13":1,"14":1,"15":1,"16":1,"17":1,"18":1,"19":1},"f":{},"b":{"0":[0],"1":[0],"2":[0],"3":[0],"4":[0],"5":[0]}}
,"/home/omri/PrioriTea/server/src/index.ts": {"path":"/home/omri/PrioriTea/server/src/index.ts","statementMap":{"0":{"start":{"line":2,"column":0},"end":{"line":2,"column":23}},"1":{"start":{"line":4,"column":0},"end":{"line":4,"column":30}},"2":{"start":{"line":6,"column":0},"end":{"line":6,"column":26}},"3":{"start":{"line":7,"column":0},"end":{"line":7,"column":28}},"4":{"start":{"line":8,"column":0},"end":{"line":8,"column":39}},"5":{"start":{"line":10,"column":0},"end":{"line":16,"column":5}},"6":{"start":{"line":11,"column":13},"end":{"line":11,"column":34}},"7":{"start":{"line":13,"column":1},"end":{"line":15,"column":null}},"8":{"start":{"line":14,"column":2},"end":{"line":14,"column":15}}},"fnMap":{"0":{"name":"(anonymous_0)","decl":{"start":{"line":10,"column":1},"end":{"line":10,"column":6}},"loc":{"start":{"line":10,"column":12},"end":{"line":16,"column":1}}}},"branchMap":{"0":{"loc":{"start":{"line":13,"column":1},"end":{"line":15,"column":null}},"type":"if","locations":[{"start":{"line":13,"column":1},"end":{"line":15,"column":null}}]}},"s":{"0":0,"1":0,"2":0,"3":0,"4":0,"5":0,"6":0,"7":0,"8":0},"f":{"0":0},"b":{"0":[0]}}
,"/home/omri/PrioriTea/server/src/interfaces.d.ts": {"path":"/home/omri/PrioriTea/server/src/interfaces.d.ts","statementMap":{},"fnMap":{},"branchMap":{},"s":{},"f":{},"b":{},"inputSourceMap":null}
,"/home/omri/PrioriTea/server/src/auth/auth-controller.ts": {"path":"/home/omri/PrioriTea/server/src/auth/auth-controller.ts","statementMap":{"0":{"start":{"line":1,"column":0},"end":{"line":1,"column":75}},"1":{"start":{"line":3,"column":0},"end":{"line":3,"column":42}},"2":{"start":{"line":4,"column":0},"end":{"line":4,"column":34}},"3":{"start":{"line":5,"column":0},"end":{"line":5,"column":34}},"4":{"start":{"line":6,"column":0},"end":{"line":6,"column":48}},"5":{"start":{"line":7,"column":0},"end":{"line":7,"column":64}},"6":{"start":{"line":8,"column":0},"end":{"line":8,"column":54}},"7":{"start":{"line":9,"column":0},"end":{"line":9,"column":44}},"8":{"start":{"line":10,"column":0},"end":{"line":10,"column":46}},"9":{"start":{"line":11,"column":0},"end":{"line":11,"column":42}},"10":{"start":{"line":12,"column":0},"end":{"line":12,"column":45}},"11":{"start":{"line":13,"column":0},"end":{"line":13,"column":59}},"12":{"start":{"line":14,"column":0},"end":{"line":14,"column":59}},"13":{"start":{"line":15,"column":0},"end":{"line":15,"column":59}},"14":{"start":{"line":27,"column":0},"end":{"line":94,"column":null}},"15":{"start":{"line":28,"column":20},"end":{"line":28,"column":29}},"16":{"start":{"line":37,"column":40},"end":{"line":37,"column":83}},"17":{"start":{"line":38,"column":2},"end":{"line":48,"column":null}},"18":{"start":{"line":39,"column":15},"end":{"line":39,"column":67}},"19":{"start":{"line":41,"column":2},"end":{"line":41,"column":54}},"20":{"start":{"line":45,"column":3},"end":{"line":45,"column":26}},"21":{"start":{"line":47,"column":3},"end":{"line":47,"column":13}},"22":{"start":{"line":58,"column":30},"end":{"line":58,"column":61}},"23":{"start":{"line":60,"column":15},"end":{"line":60,"column":57}},"24":{"start":{"line":62,"column":2},"end":{"line":62,"column":46}},"25":{"start":{"line":64,"column":2},"end":{"line":64,"column":29}},"26":{"start":{"line":74,"column":2},"end":{"line":74,"column":40}},"27":{"start":{"line":76,"column":2},"end":{"line":76,"column":29}},"28":{"start":{"line":81,"column":15},"end":{"line":81,"column":27}},"29":{"start":{"line":83,"column":2},"end":{"line":92,"column":5}},"30":{"start":{"line":36,"column":1},"end":{"line":49,"column":null}},"31":{"start":{"line":57,"column":1},"end":{"line":65,"column":null}},"32":{"start":{"line":73,"column":1},"end":{"line":77,"column":null}},"33":{"start":{"line":80,"column":1},"end":{"line":93,"column":null}},"34":{"start":{"line":27,"column":13},"end":{"line":94,"column":null}},"35":{"start":{"line":27,"column":13},"end":{"line":27,"column":27}}},"fnMap":{"0":{"name":"(anonymous_0)","decl":{"start":{"line":28,"column":1},"end":{"line":28,"column":20}},"loc":{"start":{"line":28,"column":40},"end":{"line":28,"column":44}}},"1":{"name":"(anonymous_1)","decl":{"start":{"line":36,"column":1},"end":{"line":36,"column":6}},"loc":{"start":{"line":36,"column":41},"end":{"line":49,"column":2}}},"2":{"name":"(anonymous_2)","decl":{"start":{"line":57,"column":1},"end":{"line":57,"column":6}},"loc":{"start":{"line":57,"column":41},"end":{"line":65,"column":2}}},"3":{"name":"(anonymous_3)","decl":{"start":{"line":73,"column":1},"end":{"line":73,"column":6}},"loc":{"start":{"line":73,"column":43},"end":{"line":77,"column":2}}},"4":{"name":"(anonymous_4)","decl":{"start":{"line":80,"column":1},"end":{"line":80,"column":6}},"loc":{"start":{"line":80,"column":47},"end":{"line":93,"column":2}}}},"branchMap":{"0":{"loc":{"start":{"line":85,"column":10},"end":{"line":90,"column":11}},"type":"cond-expr","locations":[{"start":{"line":86,"column":7},"end":{"line":89,"column":null}},{"start":{"line":90,"column":7},"end":{"line":90,"column":11}}]}},"s":{"0":1,"1":1,"2":1,"3":1,"4":1,"5":1,"6":1,"7":1,"8":1,"9":1,"10":1,"11":1,"12":1,"13":1,"14":1,"15":1,"16":0,"17":0,"18":0,"19":0,"20":0,"21":0,"22":0,"23":0,"24":0,"25":0,"26":0,"27":0,"28":0,"29":0,"30":1,"31":1,"32":1,"33":1,"34":1,"35":1},"f":{"0":1,"1":0,"2":0,"3":0,"4":0},"b":{"0":[0,0]}}
,"/home/omri/PrioriTea/server/src/auth/auth-service.ts": {"path":"/home/omri/PrioriTea/server/src/auth/auth-service.ts","statementMap":{"0":{"start":{"line":2,"column":0},"end":{"line":2,"column":42}},"1":{"start":{"line":3,"column":0},"end":{"line":3,"column":62}},"2":{"start":{"line":4,"column":0},"end":{"line":4,"column":59}},"3":{"start":{"line":5,"column":0},"end":{"line":5,"column":48}},"4":{"start":{"line":17,"column":0},"end":{"line":41,"column":null}},"5":{"start":{"line":18,"column":20},"end":{"line":18,"column":32}},"6":{"start":{"line":21,"column":2},"end":{"line":21,"column":63}},"7":{"start":{"line":25,"column":32},"end":{"line":25,"column":81}},"8":{"start":{"line":27,"column":15},"end":{"line":27,"column":58}},"9":{"start":{"line":29,"column":2},"end":{"line":31,"column":null}},"10":{"start":{"line":30,"column":3},"end":{"line":30,"column":52}},"11":{"start":{"line":33,"column":20},"end":{"line":33,"column":68}},"12":{"start":{"line":35,"column":2},"end":{"line":37,"column":null}},"13":{"start":{"line":36,"column":3},"end":{"line":36,"column":52}},"14":{"start":{"line":39,"column":2},"end":{"line":39,"column":14}},"15":{"start":{"line":17,"column":13},"end":{"line":41,"column":null}},"16":{"start":{"line":17,"column":13},"end":{"line":17,"column":24}}},"fnMap":{"0":{"name":"(anonymous_0)","decl":{"start":{"line":18,"column":1},"end":{"line":18,"column":20}},"loc":{"start":{"line":18,"column":46},"end":{"line":18,"column":49}}},"1":{"name":"(anonymous_1)","decl":{"start":{"line":20,"column":1},"end":{"line":20,"column":6}},"loc":{"start":{"line":20,"column":63},"end":{"line":22,"column":2}}},"2":{"name":"(anonymous_2)","decl":{"start":{"line":24,"column":1},"end":{"line":24,"column":6}},"loc":{"start":{"line":24,"column":45},"end":{"line":40,"column":2}}}},"branchMap":{"0":{"loc":{"start":{"line":29,"column":2},"end":{"line":31,"column":null}},"type":"if","locations":[{"start":{"line":29,"column":2},"end":{"line":31,"column":null}}]},"1":{"loc":{"start":{"line":35,"column":2},"end":{"line":37,"column":null}},"type":"if","locations":[{"start":{"line":35,"column":2},"end":{"line":37,"column":null}}]}},"s":{"0":1,"1":1,"2":1,"3":1,"4":1,"5":1,"6":0,"7":0,"8":0,"9":0,"10":0,"11":0,"12":0,"13":0,"14":0,"15":1,"16":1},"f":{"0":1,"1":0,"2":0},"b":{"0":[0],"1":[0]}}
,"/home/omri/PrioriTea/server/src/auth/email-already-in-use.ts": {"path":"/home/omri/PrioriTea/server/src/auth/email-already-in-use.ts","statementMap":{"0":{"start":{"line":1,"column":0},"end":{"line":1,"column":71}},"1":{"start":{"line":2,"column":0},"end":{"line":2,"column":62}},"2":{"start":{"line":5,"column":33},"end":{"line":11,"column":1}},"3":{"start":{"line":6,"column":1},"end":{"line":10,"column":null}},"4":{"start":{"line":9,"column":2},"end":{"line":9,"column":52}},"5":{"start":{"line":5,"column":13},"end":{"line":5,"column":33}}},"fnMap":{"0":{"name":"(anonymous_0)","decl":{"start":{"line":5,"column":33},"end":{"line":5,"column":43}},"loc":{"start":{"line":5,"column":55},"end":{"line":11,"column":1}}}},"branchMap":{"0":{"loc":{"start":{"line":6,"column":1},"end":{"line":10,"column":null}},"type":"if","locations":[{"start":{"line":6,"column":1},"end":{"line":10,"column":null}}]},"1":{"loc":{"start":{"line":6,"column":5},"end":{"line":8,"column":68}},"type":"binary-expr","locations":[{"start":{"line":6,"column":5},"end":{"line":6,"column":49}},{"start":{"line":7,"column":2},"end":{"line":7,"column":22}},{"start":{"line":8,"column":3},"end":{"line":8,"column":68}}]}},"s":{"0":1,"1":1,"2":1,"3":0,"4":0,"5":1},"f":{"0":0},"b":{"0":[0],"1":[0,0,0]}}
,"/home/omri/PrioriTea/server/src/auth/validation/shared-schema.ts": {"path":"/home/omri/PrioriTea/server/src/auth/validation/shared-schema.ts","statementMap":{"0":{"start":{"line":1,"column":0},"end":{"line":1,"column":58}},"1":{"start":{"line":3,"column":13},"end":{"line":6,"column":3}}},"fnMap":{},"branchMap":{},"s":{"0":1,"1":1},"f":{},"b":{}}
,"/home/omri/PrioriTea/server/src/auth/validation/sign-in-schema.ts": {"path":"/home/omri/PrioriTea/server/src/auth/validation/sign-in-schema.ts","statementMap":{"0":{"start":{"line":1,"column":0},"end":{"line":1,"column":47}},"1":{"start":{"line":3,"column":13},"end":{"line":3,"column":41}}},"fnMap":{},"branchMap":{},"s":{"0":1,"1":1},"f":{},"b":{}}
,"/home/omri/PrioriTea/server/src/auth/validation/sign-up-schema.ts": {"path":"/home/omri/PrioriTea/server/src/auth/validation/sign-up-schema.ts","statementMap":{"0":{"start":{"line":1,"column":0},"end":{"line":1,"column":24}},"1":{"start":{"line":2,"column":0},"end":{"line":2,"column":58}},"2":{"start":{"line":3,"column":0},"end":{"line":3,"column":47}},"3":{"start":{"line":5,"column":13},"end":{"line":22,"column":3}},"4":{"start":{"line":16,"column":3},"end":{"line":16,"column":54}}},"fnMap":{"0":{"name":"(anonymous_0)","decl":{"start":{"line":15,"column":2},"end":{"line":15,"column":12}},"loc":{"start":{"line":15,"column":21},"end":{"line":17,"column":3}}}},"branchMap":{},"s":{"0":1,"1":1,"2":1,"3":1,"4":0},"f":{"0":0},"b":{}}
,"/home/omri/PrioriTea/server/src/errors/request-validation-error.ts": {"path":"/home/omri/PrioriTea/server/src/errors/request-validation-error.ts","statementMap":{"0":{"start":{"line":2,"column":0},"end":{"line":2,"column":45}},"1":{"start":{"line":5,"column":14},"end":{"line":5,"column":17}},"2":{"start":{"line":8,"column":2},"end":{"line":8,"column":39}},"3":{"start":{"line":7,"column":20},"end":{"line":7,"column":35}},"4":{"start":{"line":10,"column":2},"end":{"line":10,"column":64}},"5":{"start":{"line":14,"column":2},"end":{"line":21,"column":5}},"6":{"start":{"line":15,"column":22},"end":{"line":15,"column":30}},"7":{"start":{"line":17,"column":3},"end":{"line":20,"column":5}},"8":{"start":{"line":4,"column":0},"end":{"line":4,"column":13}}},"fnMap":{"0":{"name":"(anonymous_0)","decl":{"start":{"line":7,"column":1},"end":{"line":7,"column":20}},"loc":{"start":{"line":7,"column":35},"end":{"line":11,"column":2}}},"1":{"name":"(anonymous_1)","decl":{"start":{"line":13,"column":1},"end":{"line":13,"column":16}},"loc":{"start":{"line":13,"column":16},"end":{"line":22,"column":2}}},"2":{"name":"(anonymous_2)","decl":{"start":{"line":14,"column":31},"end":{"line":14,"column":41}},"loc":{"start":{"line":14,"column":44},"end":{"line":21,"column":3}}}},"branchMap":{},"s":{"0":1,"1":0,"2":0,"3":0,"4":0,"5":0,"6":0,"7":0,"8":1},"f":{"0":0,"1":0,"2":0},"b":{}}
,"/home/omri/PrioriTea/server/src/tasks/tasks-controller.ts": {"path":"/home/omri/PrioriTea/server/src/tasks/tasks-controller.ts","statementMap":{"0":{"start":{"line":1,"column":0},"end":{"line":1,"column":null}},"1":{"start":{"line":10,"column":0},"end":{"line":10,"column":42}},"2":{"start":{"line":11,"column":0},"end":{"line":11,"column":34}},"3":{"start":{"line":12,"column":0},"end":{"line":12,"column":34}},"4":{"start":{"line":13,"column":0},"end":{"line":13,"column":42}},"5":{"start":{"line":14,"column":0},"end":{"line":14,"column":48}},"6":{"start":{"line":15,"column":0},"end":{"line":15,"column":64}},"7":{"start":{"line":16,"column":0},"end":{"line":16,"column":54}},"8":{"start":{"line":18,"column":0},"end":{"line":18,"column":42}},"9":{"start":{"line":19,"column":0},"end":{"line":19,"column":47}},"10":{"start":{"line":35,"column":0},"end":{"line":113,"column":null}},"11":{"start":{"line":36,"column":20},"end":{"line":36,"column":29}},"12":{"start":{"line":45,"column":16},"end":{"line":49,"column":null}},"13":{"start":{"line":52,"column":2},"end":{"line":52,"column":55}},"14":{"start":{"line":62,"column":16},"end":{"line":62,"column":60}},"15":{"start":{"line":64,"column":2},"end":{"line":64,"column":50}},"16":{"start":{"line":74,"column":15},"end":{"line":74,"column":57}},"17":{"start":{"line":76,"column":2},"end":{"line":76,"column":49}},"18":{"start":{"line":87,"column":16},"end":{"line":92,"column":null}},"19":{"start":{"line":95,"column":2},"end":{"line":95,"column":50}},"20":{"start":{"line":106,"column":16},"end":{"line":108,"column":null}},"21":{"start":{"line":111,"column":2},"end":{"line":111,"column":50}},"22":{"start":{"line":44,"column":1},"end":{"line":53,"column":null}},"23":{"start":{"line":61,"column":1},"end":{"line":65,"column":null}},"24":{"start":{"line":73,"column":1},"end":{"line":77,"column":null}},"25":{"start":{"line":86,"column":1},"end":{"line":96,"column":null}},"26":{"start":{"line":105,"column":1},"end":{"line":112,"column":null}},"27":{"start":{"line":35,"column":13},"end":{"line":113,"column":null}},"28":{"start":{"line":35,"column":13},"end":{"line":35,"column":28}}},"fnMap":{"0":{"name":"(anonymous_0)","decl":{"start":{"line":36,"column":1},"end":{"line":36,"column":20}},"loc":{"start":{"line":36,"column":41},"end":{"line":36,"column":45}}},"1":{"name":"(anonymous_1)","decl":{"start":{"line":44,"column":8},"end":{"line":44,"column":13}},"loc":{"start":{"line":44,"column":52},"end":{"line":53,"column":2}}},"2":{"name":"(anonymous_2)","decl":{"start":{"line":61,"column":8},"end":{"line":61,"column":13}},"loc":{"start":{"line":61,"column":51},"end":{"line":65,"column":2}}},"3":{"name":"(anonymous_3)","decl":{"start":{"line":73,"column":8},"end":{"line":73,"column":13}},"loc":{"start":{"line":73,"column":49},"end":{"line":77,"column":2}}},"4":{"name":"(anonymous_4)","decl":{"start":{"line":86,"column":8},"end":{"line":86,"column":13}},"loc":{"start":{"line":86,"column":52},"end":{"line":96,"column":2}}},"5":{"name":"(anonymous_5)","decl":{"start":{"line":105,"column":8},"end":{"line":105,"column":13}},"loc":{"start":{"line":105,"column":52},"end":{"line":112,"column":2}}}},"branchMap":{},"s":{"0":1,"1":1,"2":1,"3":1,"4":1,"5":1,"6":1,"7":1,"8":1,"9":1,"10":1,"11":1,"12":0,"13":0,"14":0,"15":0,"16":0,"17":0,"18":0,"19":0,"20":0,"21":0,"22":1,"23":1,"24":1,"25":1,"26":1,"27":1,"28":1},"f":{"0":1,"1":0,"2":0,"3":0,"4":0,"5":0},"b":{}}
,"/home/omri/PrioriTea/server/src/tasks/tasks-repository.ts": {"path":"/home/omri/PrioriTea/server/src/tasks/tasks-repository.ts","statementMap":{"0":{"start":{"line":1,"column":0},"end":{"line":1,"column":37}},"1":{"start":{"line":10,"column":2},"end":{"line":19,"column":5}},"2":{"start":{"line":23,"column":2},"end":{"line":27,"column":5}},"3":{"start":{"line":31,"column":2},"end":{"line":35,"column":5}},"4":{"start":{"line":44,"column":2},"end":{"line":51,"column":5}},"5":{"start":{"line":55,"column":2},"end":{"line":57,"column":5}},"6":{"start":{"line":3,"column":0},"end":{"line":3,"column":13}}},"fnMap":{"0":{"name":"(anonymous_0)","decl":{"start":{"line":4,"column":8},"end":{"line":4,"column":13}},"loc":{"start":{"line":8,"column":17},"end":{"line":20,"column":2}}},"1":{"name":"(anonymous_1)","decl":{"start":{"line":22,"column":8},"end":{"line":22,"column":13}},"loc":{"start":{"line":22,"column":48},"end":{"line":28,"column":2}}},"2":{"name":"(anonymous_2)","decl":{"start":{"line":30,"column":8},"end":{"line":30,"column":13}},"loc":{"start":{"line":30,"column":36},"end":{"line":36,"column":2}}},"3":{"name":"(anonymous_3)","decl":{"start":{"line":38,"column":8},"end":{"line":38,"column":13}},"loc":{"start":{"line":42,"column":17},"end":{"line":52,"column":2}}},"4":{"name":"(anonymous_4)","decl":{"start":{"line":54,"column":8},"end":{"line":54,"column":13}},"loc":{"start":{"line":54,"column":39},"end":{"line":59,"column":2}}}},"branchMap":{},"s":{"0":1,"1":0,"2":0,"3":0,"4":0,"5":0,"6":1},"f":{"0":0,"1":0,"2":0,"3":0,"4":0},"b":{}}
,"/home/omri/PrioriTea/server/src/tasks/tasks-service.ts": {"path":"/home/omri/PrioriTea/server/src/tasks/tasks-service.ts","statementMap":{"0":{"start":{"line":2,"column":0},"end":{"line":2,"column":42}},"1":{"start":{"line":3,"column":0},"end":{"line":3,"column":52}},"2":{"start":{"line":25,"column":0},"end":{"line":68,"column":null}},"3":{"start":{"line":26,"column":20},"end":{"line":26,"column":32}},"4":{"start":{"line":34,"column":2},"end":{"line":34,"column":74}},"5":{"start":{"line":36,"column":2},"end":{"line":36,"column":53}},"6":{"start":{"line":40,"column":2},"end":{"line":40,"column":53}},"7":{"start":{"line":44,"column":2},"end":{"line":44,"column":41}},"8":{"start":{"line":54,"column":2},"end":{"line":58,"column":4}},"9":{"start":{"line":60,"column":2},"end":{"line":60,"column":53}},"10":{"start":{"line":64,"column":2},"end":{"line":64,"column":43}},"11":{"start":{"line":66,"column":2},"end":{"line":66,"column":53}},"12":{"start":{"line":25,"column":13},"end":{"line":68,"column":null}},"13":{"start":{"line":25,"column":13},"end":{"line":25,"column":25}}},"fnMap":{"0":{"name":"(anonymous_0)","decl":{"start":{"line":26,"column":1},"end":{"line":26,"column":20}},"loc":{"start":{"line":26,"column":46},"end":{"line":26,"column":49}}},"1":{"name":"(anonymous_1)","decl":{"start":{"line":28,"column":1},"end":{"line":28,"column":6}},"loc":{"start":{"line":32,"column":17},"end":{"line":37,"column":2}}},"2":{"name":"(anonymous_2)","decl":{"start":{"line":39,"column":1},"end":{"line":39,"column":6}},"loc":{"start":{"line":39,"column":30},"end":{"line":41,"column":2}}},"3":{"name":"(anonymous_3)","decl":{"start":{"line":43,"column":1},"end":{"line":43,"column":6}},"loc":{"start":{"line":43,"column":25},"end":{"line":45,"column":2}}},"4":{"name":"(anonymous_4)","decl":{"start":{"line":47,"column":1},"end":{"line":47,"column":6}},"loc":{"start":{"line":52,"column":17},"end":{"line":61,"column":2}}},"5":{"name":"(anonymous_5)","decl":{"start":{"line":63,"column":1},"end":{"line":63,"column":6}},"loc":{"start":{"line":63,"column":44},"end":{"line":67,"column":2}}}},"branchMap":{},"s":{"0":1,"1":1,"2":1,"3":1,"4":0,"5":0,"6":0,"7":0,"8":0,"9":0,"10":0,"11":0,"12":1,"13":1},"f":{"0":1,"1":0,"2":0,"3":0,"4":0,"5":0},"b":{}}
,"/home/omri/PrioriTea/server/src/tasks/tasks-validation.ts": {"path":"/home/omri/PrioriTea/server/src/tasks/tasks-validation.ts","statementMap":{"0":{"start":{"line":1,"column":0},"end":{"line":1,"column":20}},"1":{"start":{"line":3,"column":13},"end":{"line":11,"column":3}}},"fnMap":{},"branchMap":{},"s":{"0":0,"1":0},"f":{},"b":{}}
,"/home/omri/PrioriTea/server/src/users/users-controller.ts": {"path":"/home/omri/PrioriTea/server/src/users/users-controller.ts","statementMap":{"0":{"start":{"line":1,"column":0},"end":{"line":1,"column":null}},"1":{"start":{"line":9,"column":0},"end":{"line":9,"column":42}},"2":{"start":{"line":10,"column":0},"end":{"line":10,"column":34}},"3":{"start":{"line":11,"column":0},"end":{"line":11,"column":34}},"4":{"start":{"line":12,"column":0},"end":{"line":12,"column":48}},"5":{"start":{"line":13,"column":0},"end":{"line":13,"column":54}},"6":{"start":{"line":14,"column":0},"end":{"line":14,"column":47}},"7":{"start":{"line":26,"column":0},"end":{"line":89,"column":null}},"8":{"start":{"line":27,"column":20},"end":{"line":27,"column":29}},"9":{"start":{"line":36,"column":16},"end":{"line":36,"column":45}},"10":{"start":{"line":38,"column":2},"end":{"line":38,"column":50}},"11":{"start":{"line":48,"column":2},"end":{"line":54,"column":null}},"12":{"start":{"line":49,"column":16},"end":{"line":49,"column":58}},"13":{"start":{"line":51,"column":3},"end":{"line":51,"column":50}},"14":{"start":{"line":53,"column":3},"end":{"line":53,"column":15}},"15":{"start":{"line":64,"column":2},"end":{"line":75,"column":null}},"16":{"start":{"line":65,"column":16},"end":{"line":69,"column":null}},"17":{"start":{"line":72,"column":3},"end":{"line":72,"column":50}},"18":{"start":{"line":74,"column":3},"end":{"line":74,"column":15}},"19":{"start":{"line":85,"column":15},"end":{"line":85,"column":60}},"20":{"start":{"line":87,"column":2},"end":{"line":87,"column":49}},"21":{"start":{"line":35,"column":1},"end":{"line":39,"column":null}},"22":{"start":{"line":47,"column":1},"end":{"line":55,"column":null}},"23":{"start":{"line":63,"column":1},"end":{"line":76,"column":null}},"24":{"start":{"line":84,"column":1},"end":{"line":88,"column":null}},"25":{"start":{"line":26,"column":13},"end":{"line":89,"column":null}},"26":{"start":{"line":26,"column":13},"end":{"line":26,"column":28}}},"fnMap":{"0":{"name":"(anonymous_0)","decl":{"start":{"line":27,"column":1},"end":{"line":27,"column":20}},"loc":{"start":{"line":27,"column":41},"end":{"line":27,"column":45}}},"1":{"name":"(anonymous_1)","decl":{"start":{"line":35,"column":8},"end":{"line":35,"column":13}},"loc":{"start":{"line":35,"column":51},"end":{"line":39,"column":2}}},"2":{"name":"(anonymous_2)","decl":{"start":{"line":47,"column":8},"end":{"line":47,"column":13}},"loc":{"start":{"line":47,"column":49},"end":{"line":55,"column":2}}},"3":{"name":"(anonymous_3)","decl":{"start":{"line":63,"column":8},"end":{"line":63,"column":13}},"loc":{"start":{"line":63,"column":52},"end":{"line":76,"column":2}}},"4":{"name":"(anonymous_4)","decl":{"start":{"line":84,"column":8},"end":{"line":84,"column":13}},"loc":{"start":{"line":84,"column":52},"end":{"line":88,"column":2}}}},"branchMap":{},"s":{"0":1,"1":1,"2":1,"3":1,"4":1,"5":1,"6":1,"7":1,"8":1,"9":0,"10":0,"11":0,"12":0,"13":0,"14":0,"15":0,"16":0,"17":0,"18":0,"19":0,"20":0,"21":1,"22":1,"23":1,"24":1,"25":1,"26":1},"f":{"0":1,"1":0,"2":0,"3":0,"4":0},"b":{}}
,"/home/omri/PrioriTea/server/src/users/users-repository.ts": {"path":"/home/omri/PrioriTea/server/src/users/users-repository.ts","statementMap":{"0":{"start":{"line":1,"column":0},"end":{"line":1,"column":37}},"1":{"start":{"line":2,"column":0},"end":{"line":2,"column":48}},"2":{"start":{"line":6,"column":2},"end":{"line":12,"column":5}},"3":{"start":{"line":16,"column":2},"end":{"line":20,"column":5}},"4":{"start":{"line":24,"column":2},"end":{"line":28,"column":5}},"5":{"start":{"line":32,"column":2},"end":{"line":32,"column":28}},"6":{"start":{"line":41,"column":2},"end":{"line":48,"column":5}},"7":{"start":{"line":52,"column":2},"end":{"line":56,"column":5}},"8":{"start":{"line":4,"column":0},"end":{"line":4,"column":13}}},"fnMap":{"0":{"name":"(anonymous_0)","decl":{"start":{"line":5,"column":8},"end":{"line":5,"column":13}},"loc":{"start":{"line":5,"column":74},"end":{"line":13,"column":2}}},"1":{"name":"(anonymous_1)","decl":{"start":{"line":15,"column":8},"end":{"line":15,"column":13}},"loc":{"start":{"line":15,"column":36},"end":{"line":21,"column":2}}},"2":{"name":"(anonymous_2)","decl":{"start":{"line":23,"column":8},"end":{"line":23,"column":13}},"loc":{"start":{"line":23,"column":42},"end":{"line":29,"column":2}}},"3":{"name":"(anonymous_3)","decl":{"start":{"line":31,"column":8},"end":{"line":31,"column":13}},"loc":{"start":{"line":31,"column":25},"end":{"line":33,"column":2}}},"4":{"name":"(anonymous_4)","decl":{"start":{"line":35,"column":8},"end":{"line":35,"column":13}},"loc":{"start":{"line":39,"column":19},"end":{"line":49,"column":2}}},"5":{"name":"(anonymous_5)","decl":{"start":{"line":51,"column":8},"end":{"line":51,"column":13}},"loc":{"start":{"line":51,"column":39},"end":{"line":57,"column":2}}}},"branchMap":{},"s":{"0":1,"1":1,"2":0,"3":0,"4":0,"5":0,"6":0,"7":0,"8":1},"f":{"0":0,"1":0,"2":0,"3":0,"4":0,"5":0},"b":{}}
,"/home/omri/PrioriTea/server/src/users/users-service.ts": {"path":"/home/omri/PrioriTea/server/src/users/users-service.ts","statementMap":{"0":{"start":{"line":1,"column":0},"end":{"line":1,"column":42}},"1":{"start":{"line":3,"column":0},"end":{"line":3,"column":52}},"2":{"start":{"line":18,"column":0},"end":{"line":45,"column":null}},"3":{"start":{"line":19,"column":20},"end":{"line":19,"column":32}},"4":{"start":{"line":22,"column":2},"end":{"line":22,"column":39}},"5":{"start":{"line":26,"column":2},"end":{"line":26,"column":41}},"6":{"start":{"line":35,"column":2},"end":{"line":35,"column":70}},"7":{"start":{"line":37,"column":2},"end":{"line":37,"column":39}},"8":{"start":{"line":41,"column":2},"end":{"line":41,"column":37}},"9":{"start":{"line":43,"column":2},"end":{"line":43,"column":39}},"10":{"start":{"line":18,"column":13},"end":{"line":45,"column":null}},"11":{"start":{"line":18,"column":13},"end":{"line":18,"column":25}}},"fnMap":{"0":{"name":"(anonymous_0)","decl":{"start":{"line":19,"column":1},"end":{"line":19,"column":20}},"loc":{"start":{"line":19,"column":46},"end":{"line":19,"column":50}}},"1":{"name":"(anonymous_1)","decl":{"start":{"line":21,"column":8},"end":{"line":21,"column":13}},"loc":{"start":{"line":21,"column":22},"end":{"line":23,"column":2}}},"2":{"name":"(anonymous_2)","decl":{"start":{"line":25,"column":8},"end":{"line":25,"column":13}},"loc":{"start":{"line":25,"column":32},"end":{"line":27,"column":2}}},"3":{"name":"(anonymous_3)","decl":{"start":{"line":29,"column":8},"end":{"line":29,"column":13}},"loc":{"start":{"line":33,"column":19},"end":{"line":38,"column":2}}},"4":{"name":"(anonymous_4)","decl":{"start":{"line":40,"column":8},"end":{"line":40,"column":13}},"loc":{"start":{"line":40,"column":35},"end":{"line":44,"column":2}}}},"branchMap":{},"s":{"0":1,"1":1,"2":1,"3":1,"4":0,"5":0,"6":0,"7":0,"8":0,"9":0,"10":1,"11":1},"f":{"0":1,"1":0,"2":0,"3":0,"4":0},"b":{}}
,"/home/omri/PrioriTea/server/src/users/users-validation.ts": {"path":"/home/omri/PrioriTea/server/src/users/users-validation.ts","statementMap":{"0":{"start":{"line":1,"column":0},"end":{"line":1,"column":24}},"1":{"start":{"line":7,"column":13},"end":{"line":8,"column":75}},"2":{"start":{"line":10,"column":13},"end":{"line":25,"column":3}}},"fnMap":{},"branchMap":{},"s":{"0":1,"1":1,"2":1},"f":{},"b":{}}
,"/home/omri/PrioriTea/server/src/utils/get-user.ts": {"path":"/home/omri/PrioriTea/server/src/utils/get-user.ts","statementMap":{"0":{"start":{"line":4,"column":23},"end":{"line":6,"column":1}},"1":{"start":{"line":5,"column":1},"end":{"line":5,"column":24}},"2":{"start":{"line":4,"column":13},"end":{"line":4,"column":23}}},"fnMap":{"0":{"name":"(anonymous_0)","decl":{"start":{"line":4,"column":23},"end":{"line":4,"column":33}},"loc":{"start":{"line":4,"column":46},"end":{"line":6,"column":1}}}},"branchMap":{},"s":{"0":1,"1":0,"2":1},"f":{"0":0},"b":{}}
,"/home/omri/PrioriTea/server/src/utils/jwt-utils.ts": {"path":"/home/omri/PrioriTea/server/src/utils/jwt-utils.ts","statementMap":{"0":{"start":{"line":3,"column":0},"end":{"line":3,"column":57}},"1":{"start":{"line":4,"column":0},"end":{"line":4,"column":53}},"2":{"start":{"line":5,"column":0},"end":{"line":5,"column":65}},"3":{"start":{"line":7,"column":0},"end":{"line":7,"column":42}},"4":{"start":{"line":8,"column":0},"end":{"line":8,"column":33}},"5":{"start":{"line":17,"column":2},"end":{"line":19,"column":null}},"6":{"start":{"line":18,"column":3},"end":{"line":18,"column":35}},"7":{"start":{"line":21,"column":2},"end":{"line":21,"column":24}},"8":{"start":{"line":25,"column":21},"end":{"line":25,"column":32}},"9":{"start":{"line":27,"column":2},"end":{"line":29,"column":null}},"10":{"start":{"line":28,"column":3},"end":{"line":28,"column":33}},"11":{"start":{"line":31,"column":20},"end":{"line":31,"column":40}},"12":{"start":{"line":33,"column":2},"end":{"line":33,"column":15}},"13":{"start":{"line":37,"column":17},"end":{"line":37,"column":25}},"14":{"start":{"line":40,"column":3},"end":{"line":42,"column":44}},"15":{"start":{"line":44,"column":2},"end":{"line":52,"column":5}},"16":{"start":{"line":56,"column":2},"end":{"line":66,"column":4}},"17":{"start":{"line":70,"column":2},"end":{"line":70,"column":40}},"18":{"start":{"line":74,"column":2},"end":{"line":74,"column":34}},"19":{"start":{"line":78,"column":2},"end":{"line":80,"column":null}},"20":{"start":{"line":79,"column":3},"end":{"line":79,"column":33}},"21":{"start":{"line":82,"column":24},"end":{"line":84,"column":null}},"22":{"start":{"line":87,"column":2},"end":{"line":89,"column":null}},"23":{"start":{"line":88,"column":3},"end":{"line":88,"column":33}},"24":{"start":{"line":91,"column":2},"end":{"line":91,"column":14}},"25":{"start":{"line":10,"column":0},"end":{"line":10,"column":13}}},"fnMap":{"0":{"name":"(anonymous_0)","decl":{"start":{"line":14,"column":1},"end":{"line":14,"column":24}},"loc":{"start":{"line":14,"column":1},"end":{"line":14,"column":25}}},"1":{"name":"(anonymous_1)","decl":{"start":{"line":16,"column":1},"end":{"line":16,"column":7}},"loc":{"start":{"line":16,"column":20},"end":{"line":22,"column":2}}},"2":{"name":"(anonymous_2)","decl":{"start":{"line":24,"column":1},"end":{"line":24,"column":7}},"loc":{"start":{"line":24,"column":29},"end":{"line":34,"column":2}}},"3":{"name":"(anonymous_3)","decl":{"start":{"line":36,"column":1},"end":{"line":36,"column":7}},"loc":{"start":{"line":36,"column":73},"end":{"line":53,"column":2}}},"4":{"name":"(anonymous_4)","decl":{"start":{"line":55,"column":1},"end":{"line":55,"column":7}},"loc":{"start":{"line":55,"column":37},"end":{"line":67,"column":2}}},"5":{"name":"(anonymous_5)","decl":{"start":{"line":69,"column":1},"end":{"line":69,"column":7}},"loc":{"start":{"line":69,"column":45},"end":{"line":71,"column":2}}},"6":{"name":"(anonymous_6)","decl":{"start":{"line":73,"column":1},"end":{"line":73,"column":7}},"loc":{"start":{"line":73,"column":29},"end":{"line":75,"column":2}}},"7":{"name":"(anonymous_7)","decl":{"start":{"line":77,"column":1},"end":{"line":77,"column":7}},"loc":{"start":{"line":77,"column":46},"end":{"line":92,"column":2}}}},"branchMap":{"0":{"loc":{"start":{"line":17,"column":2},"end":{"line":19,"column":null}},"type":"if","locations":[{"start":{"line":17,"column":2},"end":{"line":19,"column":null}}]},"1":{"loc":{"start":{"line":27,"column":2},"end":{"line":29,"column":null}},"type":"if","locations":[{"start":{"line":27,"column":2},"end":{"line":29,"column":null}}]},"2":{"loc":{"start":{"line":40,"column":3},"end":{"line":42,"column":44}},"type":"cond-expr","locations":[{"start":{"line":41,"column":6},"end":{"line":41,"column":16}},{"start":{"line":42,"column":6},"end":{"line":42,"column":44}}]},"3":{"loc":{"start":{"line":51,"column":11},"end":{"line":51,"column":38}},"type":"cond-expr","locations":[{"start":{"line":51,"column":20},"end":{"line":51,"column":26}},{"start":{"line":51,"column":29},"end":{"line":51,"column":38}}]},"4":{"loc":{"start":{"line":78,"column":2},"end":{"line":80,"column":null}},"type":"if","locations":[{"start":{"line":78,"column":2},"end":{"line":80,"column":null}}]},"5":{"loc":{"start":{"line":87,"column":2},"end":{"line":89,"column":null}},"type":"if","locations":[{"start":{"line":87,"column":2},"end":{"line":89,"column":null}}]}},"s":{"0":1,"1":1,"2":1,"3":1,"4":1,"5":0,"6":0,"7":0,"8":0,"9":0,"10":0,"11":0,"12":0,"13":0,"14":0,"15":0,"16":0,"17":0,"18":0,"19":0,"20":0,"21":0,"22":0,"23":0,"24":0,"25":1},"f":{"0":0,"1":0,"2":0,"3":0,"4":0,"5":0,"6":0,"7":0},"b":{"0":[0],"1":[0],"2":[0,0],"3":[0,0],"4":[0],"5":[0]}}
,"/home/omri/PrioriTea/server/src/utils/z-parse.ts": {"path":"/home/omri/PrioriTea/server/src/utils/z-parse.ts","statementMap":{"0":{"start":{"line":2,"column":0},"end":{"line":2,"column":48}},"1":{"start":{"line":3,"column":0},"end":{"line":3,"column":76}},"2":{"start":{"line":5,"column":22},"end":{"line":18,"column":1}},"3":{"start":{"line":9,"column":1},"end":{"line":17,"column":null}},"4":{"start":{"line":10,"column":2},"end":{"line":10,"column":38}},"5":{"start":{"line":12,"column":2},"end":{"line":14,"column":null}},"6":{"start":{"line":13,"column":3},"end":{"line":13,"column":41}},"7":{"start":{"line":16,"column":2},"end":{"line":16,"column":12}},"8":{"start":{"line":5,"column":13},"end":{"line":5,"column":22}}},"fnMap":{"0":{"name":"(anonymous_0)","decl":{"start":{"line":5,"column":22},"end":{"line":5,"column":27}},"loc":{"start":{"line":7,"column":13},"end":{"line":18,"column":1}}}},"branchMap":{"0":{"loc":{"start":{"line":12,"column":2},"end":{"line":14,"column":null}},"type":"if","locations":[{"start":{"line":12,"column":2},"end":{"line":14,"column":null}}]}},"s":{"0":1,"1":1,"2":1,"3":0,"4":0,"5":0,"6":0,"7":0,"8":1},"f":{"0":0},"b":{"0":[0]}}
}
