{"/home/omri/PrioriTea/server/src/enums.ts": {"path":"/home/omri/PrioriTea/server/src/enums.ts","statementMap":{"0":{"start":{"line":1,"column":0},"end":{"line":1,"column":null}},"1":{"start":{"line":2,"column":1},"end":{"line":2,"column":null}},"2":{"start":{"line":3,"column":1},"end":{"line":3,"column":null}},"3":{"start":{"line":4,"column":1},"end":{"line":4,"column":null}},"4":{"start":{"line":5,"column":1},"end":{"line":5,"column":null}},"5":{"start":{"line":6,"column":1},"end":{"line":6,"column":null}},"6":{"start":{"line":7,"column":1},"end":{"line":7,"column":null}}},"fnMap":{"0":{"name":"(anonymous_0)","decl":{"start":{"line":1,"column":0},"end":{"line":1,"column":12}},"loc":{"start":{"line":1,"column":18},"end":{"line":8,"column":1}}}},"branchMap":{"0":{"loc":{"start":{"line":1,"column":12},"end":{"line":1,"column":null}},"type":"binary-expr","locations":[{"start":{"line":1,"column":12},"end":{"line":1,"column":18}},{"start":{"line":1,"column":12},"end":{"line":1,"column":null}}]}},"s":{"0":1,"1":1,"2":1,"3":1,"4":1,"5":1,"6":1},"f":{"0":1},"b":{"0":[1,1]}}
,"/home/omri/PrioriTea/server/src/core/app.ts": {"path":"/home/omri/PrioriTea/server/src/core/app.ts","statementMap":{"0":{"start":{"line":1,"column":0},"end":{"line":1,"column":41}},"1":{"start":{"line":2,"column":0},"end":{"line":2,"column":24}},"2":{"start":{"line":3,"column":0},"end":{"line":3,"column":56}},"3":{"start":{"line":4,"column":0},"end":{"line":4,"column":28}},"4":{"start":{"line":5,"column":0},"end":{"line":5,"column":57}},"5":{"start":{"line":6,"column":0},"end":{"line":6,"column":51}},"6":{"start":{"line":7,"column":0},"end":{"line":7,"column":59}},"7":{"start":{"line":8,"column":0},"end":{"line":8,"column":46}},"8":{"start":{"line":9,"column":0},"end":{"line":9,"column":60}},"9":{"start":{"line":10,"column":0},"end":{"line":10,"column":60}},"10":{"start":{"line":11,"column":0},"end":{"line":11,"column":34}},"11":{"start":{"line":32,"column":21},"end":{"line":32,"column":30}},"12":{"start":{"line":35,"column":2},"end":{"line":49,"column":34}},"13":{"start":{"line":51,"column":2},"end":{"line":51,"column":14}},"14":{"start":{"line":31,"column":0},"end":{"line":31,"column":13}}},"fnMap":{"0":{"name":"(anonymous_0)","decl":{"start":{"line":34,"column":8},"end":{"line":34,"column":12}},"loc":{"start":{"line":34,"column":12},"end":{"line":52,"column":2}}}},"branchMap":{},"s":{"0":1,"1":1,"2":1,"3":1,"4":1,"5":1,"6":1,"7":1,"8":1,"9":1,"10":1,"11":1,"12":1,"13":1,"14":1},"f":{"0":1},"b":{}}
,"/home/omri/PrioriTea/server/src/core/controller.ts": {"path":"/home/omri/PrioriTea/server/src/core/controller.ts","statementMap":{"0":{"start":{"line":1,"column":0},"end":{"line":1,"column":33}},"1":{"start":{"line":2,"column":0},"end":{"line":2,"column":24}},"2":{"start":{"line":3,"column":0},"end":{"line":3,"column":34}},"3":{"start":{"line":5,"column":0},"end":{"line":5,"column":56}},"4":{"start":{"line":6,"column":0},"end":{"line":6,"column":41}},"5":{"start":{"line":29,"column":27},"end":{"line":29,"column":35}},"6":{"start":{"line":36,"column":2},"end":{"line":36,"column":22}},"7":{"start":{"line":40,"column":2},"end":{"line":40,"column":23}},"8":{"start":{"line":44,"column":2},"end":{"line":49,"column":36}},"9":{"start":{"line":50,"column":2},"end":{"line":50,"column":39}},"10":{"start":{"line":52,"column":2},"end":{"line":59,"column":5}},"11":{"start":{"line":54,"column":3},"end":{"line":56,"column":41}},"12":{"start":{"line":58,"column":3},"end":{"line":58,"column":68}},"13":{"start":{"line":28,"column":0},"end":{"line":28,"column":22}}},"fnMap":{"0":{"name":"(anonymous_0)","decl":{"start":{"line":35,"column":1},"end":{"line":35,"column":5}},"loc":{"start":{"line":35,"column":11},"end":{"line":37,"column":2}}},"1":{"name":"(anonymous_1)","decl":{"start":{"line":39,"column":1},"end":{"line":39,"column":5}},"loc":{"start":{"line":39,"column":12},"end":{"line":41,"column":2}}},"2":{"name":"(anonymous_2)","decl":{"start":{"line":43,"column":8},"end":{"line":43,"column":22}},"loc":{"start":{"line":43,"column":22},"end":{"line":60,"column":2}}},"3":{"name":"(anonymous_3)","decl":{"start":{"line":52,"column":22},"end":{"line":52,"column":23}},"loc":{"start":{"line":52,"column":64},"end":{"line":59,"column":3}}}},"branchMap":{"0":{"loc":{"start":{"line":54,"column":3},"end":{"line":56,"column":40}},"type":"cond-expr","locations":[{"start":{"line":55,"column":6},"end":{"line":55,"column":56}},{"start":{"line":56,"column":6},"end":{"line":56,"column":40}}]}},"s":{"0":1,"1":1,"2":1,"3":1,"4":1,"5":3,"6":19,"7":0,"8":3,"9":3,"10":3,"11":13,"12":13,"13":1},"f":{"0":19,"1":0,"2":3,"3":13},"b":{"0":[2,11]}}
,"/home/omri/PrioriTea/server/src/core/db/db.ts": {"path":"/home/omri/PrioriTea/server/src/core/db/db.ts","statementMap":{"0":{"start":{"line":1,"column":0},"end":{"line":1,"column":46}},"1":{"start":{"line":3,"column":13},"end":{"line":3,"column":37}}},"fnMap":{},"branchMap":{},"s":{"0":1,"1":1},"f":{},"b":{}}
,"/home/omri/PrioriTea/server/src/env/env.ts": {"path":"/home/omri/PrioriTea/server/src/env/env.ts","statementMap":{"0":{"start":{"line":1,"column":0},"end":{"line":1,"column":54}},"1":{"start":{"line":3,"column":16},"end":{"line":9,"column":2}},"2":{"start":{"line":13,"column":0},"end":{"line":15,"column":3}},"3":{"start":{"line":14,"column":1},"end":{"line":14,"column":22}},"4":{"start":{"line":25,"column":4},"end":{"line":25,"column":15}},"5":{"start":{"line":28,"column":1},"end":{"line":28,"column":9}},"6":{"start":{"line":29,"column":1},"end":{"line":29,"column":5}},"7":{"start":{"line":30,"column":1},"end":{"line":30,"column":7}},"8":{"start":{"line":31,"column":1},"end":{"line":31,"column":12}},"9":{"start":{"line":32,"column":1},"end":{"line":32,"column":20}},"10":{"start":{"line":33,"column":1},"end":{"line":33,"column":7}},"11":{"start":{"line":34,"column":1},"end":{"line":34,"column":9}}},"fnMap":{"0":{"name":"(anonymous_0)","decl":{"start":{"line":13,"column":16},"end":{"line":13,"column":26}},"loc":{"start":{"line":13,"column":29},"end":{"line":15,"column":1}}}},"branchMap":{},"s":{"0":1,"1":1,"2":1,"3":5,"4":1,"5":1,"6":1,"7":1,"8":1,"9":1,"10":1,"11":1},"f":{"0":5},"b":{}}
,"/home/omri/PrioriTea/server/src/middleware/restful.ts": {"path":"/home/omri/PrioriTea/server/src/middleware/restful.ts","statementMap":{"0":{"start":{"line":3,"column":0},"end":{"line":3,"column":64}},"1":{"start":{"line":39,"column":32},"end":{"line":51,"column":1}},"2":{"start":{"line":40,"column":1},"end":{"line":50,"column":3}},"3":{"start":{"line":41,"column":21},"end":{"line":41,"column":24}},"4":{"start":{"line":43,"column":2},"end":{"line":49,"column":null}},"5":{"start":{"line":44,"column":3},"end":{"line":44,"column":40}},"6":{"start":{"line":46,"column":3},"end":{"line":46,"column":32}},"7":{"start":{"line":48,"column":3},"end":{"line":48,"column":10}},"8":{"start":{"line":39,"column":13},"end":{"line":39,"column":32}}},"fnMap":{"0":{"name":"(anonymous_0)","decl":{"start":{"line":39,"column":32},"end":{"line":39,"column":42}},"loc":{"start":{"line":39,"column":49},"end":{"line":51,"column":1}}},"1":{"name":"(anonymous_1)","decl":{"start":{"line":40,"column":8},"end":{"line":40,"column":18}},"loc":{"start":{"line":40,"column":32},"end":{"line":50,"column":2}}}},"branchMap":{"0":{"loc":{"start":{"line":43,"column":2},"end":{"line":49,"column":null}},"type":"if","locations":[{"start":{"line":43,"column":2},"end":{"line":49,"column":null}},{"start":{"line":47,"column":9},"end":{"line":49,"column":null}}]}},"s":{"0":1,"1":1,"2":3,"3":12,"4":12,"5":3,"6":3,"7":9,"8":1},"f":{"0":3,"1":12},"b":{"0":[3,9]}}
}
