TN:
SF:src/enums.ts
FN:1,(anonymous_0)
FNF:1
FNH:1
FNDA:1,(anonymous_0)
DA:1,1
DA:2,1
DA:3,1
DA:4,1
DA:5,1
DA:6,1
DA:7,1
LF:7
LH:7
BRDA:1,0,0,1
BRDA:1,0,1,1
BRF:2
BRH:2
end_of_record
TN:
SF:src/core/app.ts
FN:34,(anonymous_0)
FNF:1
FNH:1
FNDA:1,(anonymous_0)
DA:1,1
DA:2,1
DA:3,1
DA:4,1
DA:5,1
DA:6,1
DA:7,1
DA:8,1
DA:9,1
DA:10,1
DA:11,1
DA:31,1
DA:32,1
DA:35,1
DA:51,1
LF:15
LH:15
BRF:0
BRH:0
end_of_record
TN:
SF:src/core/controller.ts
FN:35,(anonymous_0)
FN:39,(anonymous_1)
FN:43,(anonymous_2)
FN:52,(anonymous_3)
FNF:4
FNH:3
FNDA:19,(anonymous_0)
FNDA:0,(anonymous_1)
FNDA:3,(anonymous_2)
FNDA:13,(anonymous_3)
DA:1,1
DA:2,1
DA:3,1
DA:5,1
DA:6,1
DA:28,1
DA:29,3
DA:36,19
DA:40,0
DA:44,3
DA:50,3
DA:52,3
DA:54,13
DA:58,13
LF:14
LH:13
BRDA:54,0,0,2
BRDA:54,0,1,11
BRF:2
BRH:2
end_of_record
TN:
SF:src/core/db/db.ts
FNF:0
FNH:0
DA:1,1
DA:3,1
LF:2
LH:2
BRF:0
BRH:0
end_of_record
TN:
SF:src/env/env.ts
FN:13,(anonymous_0)
FNF:1
FNH:1
FNDA:5,(anonymous_0)
DA:1,1
DA:3,1
DA:13,1
DA:14,5
DA:25,1
DA:28,1
DA:29,1
DA:30,1
DA:31,1
DA:32,1
DA:33,1
DA:34,1
LF:12
LH:12
BRF:0
BRH:0
end_of_record
TN:
SF:src/middleware/restful.ts
FN:39,(anonymous_0)
FN:40,(anonymous_1)
FNF:2
FNH:2
FNDA:3,(anonymous_0)
FNDA:12,(anonymous_1)
DA:3,1
DA:39,1
DA:40,3
DA:41,12
DA:43,12
DA:44,3
DA:46,3
DA:48,9
LF:8
LH:8
BRDA:43,0,0,3
BRDA:43,0,1,9
BRF:2
BRH:2
end_of_record
